Start testing: Jul 13 00:01 MSK
----------------------------------------------------------
1/4 Testing: CalculateInputTest.StartPosition
1/4 Test: CalculateInputTest.StartPosition
Command: "/home/serotonin/projects/nnue/build/nnue_tests" "--gtest_filter=CalculateInputTest.StartPosition" "--gtest_also_run_disabled_tests"
Directory: /home/serotonin/projects/nnue/build
"CalculateInputTest.StartPosition" start time: Jul 13 00:01 MSK
Output:
----------------------------------------------------------
Note: Google Test filter = CalculateInputTest.StartPosition
[==========] Running 1 test from 1 test suite.
[----------] Global test environment set-up.
[----------] 1 test from CalculateInputTest
[ RUN      ] CalculateInputTest.StartPosition
/home/serotonin/projects/nnue/tests/test_calculate_input.cpp:21: Failure
Expected equality of these values:
  result[whitePawnIndex]
    Which is: 0
  1
/home/serotonin/projects/nnue/tests/test_calculate_input.cpp:22: Failure
Expected equality of these values:
  result[blackRookIndex]
    Which is: 0
  1
[  FAILED  ] CalculateInputTest.StartPosition (0 ms)
[----------] 1 test from CalculateInputTest (0 ms total)

[----------] Global test environment tear-down
[==========] 1 test from 1 test suite ran. (0 ms total)
[  PASSED  ] 0 tests.
[  FAILED  ] 1 test, listed below:
[  FAILED  ] CalculateInputTest.StartPosition

 1 FAILED TEST
<end of output>
Test time =   0.00 sec
----------------------------------------------------------
Test Failed.
"CalculateInputTest.StartPosition" end time: Jul 13 00:01 MSK
"CalculateInputTest.StartPosition" time elapsed: 00:00:00
----------------------------------------------------------

2/4 Testing: CalculateInputTest.EmptyBoardBlackMove
2/4 Test: CalculateInputTest.EmptyBoardBlackMove
Command: "/home/serotonin/projects/nnue/build/nnue_tests" "--gtest_filter=CalculateInputTest.EmptyBoardBlackMove" "--gtest_also_run_disabled_tests"
Directory: /home/serotonin/projects/nnue/build
"CalculateInputTest.EmptyBoardBlackMove" start time: Jul 13 00:01 MSK
Output:
----------------------------------------------------------
Note: Google Test filter = CalculateInputTest.EmptyBoardBlackMove
[==========] Running 1 test from 1 test suite.
[----------] Global test environment set-up.
[----------] 1 test from CalculateInputTest
[ RUN      ] CalculateInputTest.EmptyBoardBlackMove
/home/serotonin/projects/nnue/tests/test_calculate_input.cpp:29: Failure
Expected equality of these values:
  result[i]
    Which is: 1
  0
/home/serotonin/projects/nnue/tests/test_calculate_input.cpp:29: Failure
Expected equality of these values:
  result[i]
    Which is: 1
  0
/home/serotonin/projects/nnue/tests/test_calculate_input.cpp:31: Failure
Expected equality of these values:
  result[network::INPUT_SIZE]
    Which is: 0
  1
[  FAILED  ] CalculateInputTest.EmptyBoardBlackMove (0 ms)
[----------] 1 test from CalculateInputTest (0 ms total)

[----------] Global test environment tear-down
[==========] 1 test from 1 test suite ran. (0 ms total)
[  PASSED  ] 0 tests.
[  FAILED  ] 1 test, listed below:
[  FAILED  ] CalculateInputTest.EmptyBoardBlackMove

 1 FAILED TEST
<end of output>
Test time =   0.01 sec
----------------------------------------------------------
Test Failed.
"CalculateInputTest.EmptyBoardBlackMove" end time: Jul 13 00:01 MSK
"CalculateInputTest.EmptyBoardBlackMove" time elapsed: 00:00:00
----------------------------------------------------------

3/4 Testing: CalculateInputTest.SingleWhiteQueen
3/4 Test: CalculateInputTest.SingleWhiteQueen
Command: "/home/serotonin/projects/nnue/build/nnue_tests" "--gtest_filter=CalculateInputTest.SingleWhiteQueen" "--gtest_also_run_disabled_tests"
Directory: /home/serotonin/projects/nnue/build
"CalculateInputTest.SingleWhiteQueen" start time: Jul 13 00:01 MSK
Output:
----------------------------------------------------------
Note: Google Test filter = CalculateInputTest.SingleWhiteQueen
[==========] Running 1 test from 1 test suite.
[----------] Global test environment set-up.
[----------] 1 test from CalculateInputTest
[ RUN      ] CalculateInputTest.SingleWhiteQueen
/home/serotonin/projects/nnue/tests/test_calculate_input.cpp:43: Failure
Expected equality of these values:
  result[index]
    Which is: 0
  1
/home/serotonin/projects/nnue/tests/test_calculate_input.cpp:46: Failure
Expected equality of these values:
  result[i]
    Which is: 1
  0
/home/serotonin/projects/nnue/tests/test_calculate_input.cpp:46: Failure
Expected equality of these values:
  result[i]
    Which is: 1
  0
[  FAILED  ] CalculateInputTest.SingleWhiteQueen (0 ms)
[----------] 1 test from CalculateInputTest (0 ms total)

[----------] Global test environment tear-down
[==========] 1 test from 1 test suite ran. (0 ms total)
[  PASSED  ] 0 tests.
[  FAILED  ] 1 test, listed below:
[  FAILED  ] CalculateInputTest.SingleWhiteQueen

 1 FAILED TEST
<end of output>
Test time =   0.01 sec
----------------------------------------------------------
Test Failed.
"CalculateInputTest.SingleWhiteQueen" end time: Jul 13 00:01 MSK
"CalculateInputTest.SingleWhiteQueen" time elapsed: 00:00:00
----------------------------------------------------------

4/4 Testing: CalculateInputTest.AllPieceTypes
4/4 Test: CalculateInputTest.AllPieceTypes
Command: "/home/serotonin/projects/nnue/build/nnue_tests" "--gtest_filter=CalculateInputTest.AllPieceTypes" "--gtest_also_run_disabled_tests"
Directory: /home/serotonin/projects/nnue/build
"CalculateInputTest.AllPieceTypes" start time: Jul 13 00:01 MSK
Output:
----------------------------------------------------------
Note: Google Test filter = CalculateInputTest.AllPieceTypes
[==========] Running 1 test from 1 test suite.
[----------] Global test environment set-up.
[----------] 1 test from CalculateInputTest
[ RUN      ] CalculateInputTest.AllPieceTypes
/home/serotonin/projects/nnue/tests/test_calculate_input.cpp:75: Failure
Expected equality of these values:
  result[index]
    Which is: 0
  1
/home/serotonin/projects/nnue/tests/test_calculate_input.cpp:75: Failure
Expected equality of these values:
  result[index]
    Which is: 0
  1
/home/serotonin/projects/nnue/tests/test_calculate_input.cpp:75: Failure
Expected equality of these values:
  result[index]
    Which is: 0
  1
/home/serotonin/projects/nnue/tests/test_calculate_input.cpp:75: Failure
Expected equality of these values:
  result[index]
    Which is: 0
  1
/home/serotonin/projects/nnue/tests/test_calculate_input.cpp:75: Failure
Expected equality of these values:
  result[index]
    Which is: 0
  1
/home/serotonin/projects/nnue/tests/test_calculate_input.cpp:75: Failure
Expected equality of these values:
  result[index]
    Which is: 0
  1
/home/serotonin/projects/nnue/tests/test_calculate_input.cpp:75: Failure
Expected equality of these values:
  result[index]
    Which is: 0
  1
/home/serotonin/projects/nnue/tests/test_calculate_input.cpp:75: Failure
Expected equality of these values:
  result[index]
    Which is: 0
  1
[  FAILED  ] CalculateInputTest.AllPieceTypes (0 ms)
[----------] 1 test from CalculateInputTest (0 ms total)

[----------] Global test environment tear-down
[==========] 1 test from 1 test suite ran. (0 ms total)
[  PASSED  ] 0 tests.
[  FAILED  ] 1 test, listed below:
[  FAILED  ] CalculateInputTest.AllPieceTypes

 1 FAILED TEST
<end of output>
Test time =   0.01 sec
----------------------------------------------------------
Test Failed.
"CalculateInputTest.AllPieceTypes" end time: Jul 13 00:01 MSK
"CalculateInputTest.AllPieceTypes" time elapsed: 00:00:00
----------------------------------------------------------

End testing: Jul 13 00:01 MSK
